2023/01/05 07:13:02 [notice] 1#1: using the "epoll" event method
2023/01/05 07:13:02 [notice] 1#1: nginx/1.23.3
2023/01/05 07:13:02 [notice] 1#1: built by gcc 10.2.1 20210110 (Debian 10.2.1-6) 
2023/01/05 07:13:02 [notice] 1#1: OS: Linux 3.10.0-957.1.3.el7.x86_64
2023/01/05 07:13:02 [notice] 1#1: getrlimit(RLIMIT_NOFILE): 1048576:1048576
2023/01/05 07:13:02 [notice] 1#1: start worker processes
2023/01/05 07:13:02 [notice] 1#1: start worker process 19
2023/01/05 07:14:26 [notice] 1#1: signal 3 (SIGQUIT) received, shutting down
2023/01/05 07:14:26 [notice] 19#19: gracefully shutting down
2023/01/05 07:14:26 [notice] 19#19: exiting
2023/01/05 07:14:26 [notice] 19#19: exit
2023/01/05 07:14:26 [notice] 1#1: signal 17 (SIGCHLD) received from 19
2023/01/05 07:14:26 [notice] 1#1: worker process 19 exited with code 0
2023/01/05 07:14:26 [notice] 1#1: exit
2023/01/05 07:14:46 [notice] 1#1: using the "epoll" event method
2023/01/05 07:14:46 [notice] 1#1: nginx/1.23.3
2023/01/05 07:14:46 [notice] 1#1: built by gcc 10.2.1 20210110 (Debian 10.2.1-6) 
2023/01/05 07:14:46 [notice] 1#1: OS: Linux 3.10.0-957.1.3.el7.x86_64
2023/01/05 07:14:46 [notice] 1#1: getrlimit(RLIMIT_NOFILE): 1048576:1048576
2023/01/05 07:14:46 [notice] 1#1: start worker processes
2023/01/05 07:14:46 [notice] 1#1: start worker process 19
2023/01/05 07:17:02 [notice] 1#1: signal 3 (SIGQUIT) received, shutting down
2023/01/05 07:17:02 [notice] 19#19: gracefully shutting down
2023/01/05 07:17:02 [notice] 19#19: exiting
2023/01/05 07:17:02 [notice] 19#19: exit
2023/01/05 07:17:02 [notice] 1#1: signal 17 (SIGCHLD) received from 19
2023/01/05 07:17:02 [notice] 1#1: worker process 19 exited with code 0
2023/01/05 07:17:02 [notice] 1#1: exit
2023/01/05 07:17:07 [notice] 1#1: using the "epoll" event method
2023/01/05 07:17:07 [notice] 1#1: nginx/1.23.3
2023/01/05 07:17:07 [notice] 1#1: built by gcc 10.2.1 20210110 (Debian 10.2.1-6) 
2023/01/05 07:17:07 [notice] 1#1: OS: Linux 3.10.0-957.1.3.el7.x86_64
2023/01/05 07:17:07 [notice] 1#1: getrlimit(RLIMIT_NOFILE): 1048576:1048576
2023/01/05 07:17:07 [notice] 1#1: start worker processes
2023/01/05 07:17:07 [notice] 1#1: start worker process 19
2023/01/05 07:39:30 [notice] 1#1: signal 3 (SIGQUIT) received, shutting down
2023/01/05 07:39:30 [notice] 19#19: gracefully shutting down
2023/01/05 07:39:30 [notice] 19#19: exiting
2023/01/05 07:39:30 [notice] 19#19: exit
2023/01/05 07:39:30 [notice] 1#1: signal 17 (SIGCHLD) received from 19
2023/01/05 07:39:30 [notice] 1#1: worker process 19 exited with code 0
2023/01/05 07:39:30 [notice] 1#1: exit
2023/01/05 07:39:35 [notice] 1#1: using the "epoll" event method
2023/01/05 07:39:35 [notice] 1#1: nginx/1.23.3
2023/01/05 07:39:35 [notice] 1#1: built by gcc 10.2.1 20210110 (Debian 10.2.1-6) 
2023/01/05 07:39:35 [notice] 1#1: OS: Linux 3.10.0-957.1.3.el7.x86_64
2023/01/05 07:39:35 [notice] 1#1: getrlimit(RLIMIT_NOFILE): 1048576:1048576
2023/01/05 07:39:35 [notice] 1#1: start worker processes
2023/01/05 07:39:35 [notice] 1#1: start worker process 19
2023/01/05 23:42:01 [notice] 1#1: signal 3 (SIGQUIT) received, shutting down
2023/01/05 23:42:01 [notice] 19#19: gracefully shutting down
2023/01/05 23:42:01 [notice] 19#19: exiting
2023/01/05 23:42:01 [notice] 19#19: exit
2023/01/05 23:42:01 [notice] 1#1: signal 17 (SIGCHLD) received from 19
2023/01/05 23:42:01 [notice] 1#1: worker process 19 exited with code 0
2023/01/05 23:42:01 [notice] 1#1: exit
2023/01/05 23:42:25 [notice] 1#1: using the "epoll" event method
2023/01/05 23:42:25 [notice] 1#1: nginx/1.23.3
2023/01/05 23:42:25 [notice] 1#1: built by gcc 10.2.1 20210110 (Debian 10.2.1-6) 
2023/01/05 23:42:25 [notice] 1#1: OS: Linux 3.10.0-957.1.3.el7.x86_64
2023/01/05 23:42:25 [notice] 1#1: getrlimit(RLIMIT_NOFILE): 1048576:1048576
2023/01/05 23:42:25 [notice] 1#1: start worker processes
2023/01/05 23:42:25 [notice] 1#1: start worker process 19
2023/01/05 23:48:36 [notice] 1#1: signal 3 (SIGQUIT) received, shutting down
2023/01/05 23:48:36 [notice] 19#19: gracefully shutting down
2023/01/05 23:48:36 [notice] 19#19: exiting
2023/01/05 23:48:36 [notice] 19#19: exit
2023/01/05 23:48:36 [notice] 1#1: signal 17 (SIGCHLD) received from 19
2023/01/05 23:48:36 [notice] 1#1: worker process 19 exited with code 0
2023/01/05 23:48:36 [notice] 1#1: exit
2023/01/05 23:48:58 [notice] 1#1: using the "epoll" event method
2023/01/05 23:48:58 [notice] 1#1: nginx/1.23.3
2023/01/05 23:48:58 [notice] 1#1: built by gcc 10.2.1 20210110 (Debian 10.2.1-6) 
2023/01/05 23:48:58 [notice] 1#1: OS: Linux 3.10.0-957.1.3.el7.x86_64
2023/01/05 23:48:58 [notice] 1#1: getrlimit(RLIMIT_NOFILE): 1048576:1048576
2023/01/05 23:48:58 [notice] 1#1: start worker processes
2023/01/05 23:48:58 [notice] 1#1: start worker process 19
2023/01/06 02:14:03 [notice] 1#1: signal 3 (SIGQUIT) received, shutting down
2023/01/06 02:14:03 [notice] 19#19: gracefully shutting down
2023/01/06 02:14:03 [notice] 19#19: exiting
2023/01/06 02:14:03 [notice] 19#19: exit
2023/01/06 02:14:03 [notice] 1#1: signal 17 (SIGCHLD) received from 19
2023/01/06 02:14:03 [notice] 1#1: worker process 19 exited with code 0
2023/01/06 02:14:03 [notice] 1#1: exit
2023/01/06 02:14:19 [notice] 1#1: using the "epoll" event method
2023/01/06 02:14:19 [notice] 1#1: nginx/1.23.3
2023/01/06 02:14:19 [notice] 1#1: built by gcc 10.2.1 20210110 (Debian 10.2.1-6) 
2023/01/06 02:14:19 [notice] 1#1: OS: Linux 3.10.0-957.1.3.el7.x86_64
2023/01/06 02:14:19 [notice] 1#1: getrlimit(RLIMIT_NOFILE): 1048576:1048576
2023/01/06 02:14:19 [notice] 1#1: start worker processes
2023/01/06 02:14:19 [notice] 1#1: start worker process 19
2023/01/06 02:14:33 [notice] 1#1: signal 3 (SIGQUIT) received, shutting down
2023/01/06 02:14:33 [notice] 19#19: gracefully shutting down
2023/01/06 02:14:33 [notice] 19#19: exiting
2023/01/06 02:14:33 [notice] 19#19: exit
2023/01/06 02:14:33 [notice] 1#1: signal 17 (SIGCHLD) received from 19
2023/01/06 02:14:33 [notice] 1#1: worker process 19 exited with code 0
2023/01/06 02:14:33 [notice] 1#1: exit
2023/01/06 02:14:57 [notice] 1#1: using the "epoll" event method
2023/01/06 02:14:57 [notice] 1#1: nginx/1.23.3
2023/01/06 02:14:57 [notice] 1#1: built by gcc 10.2.1 20210110 (Debian 10.2.1-6) 
2023/01/06 02:14:57 [notice] 1#1: OS: Linux 3.10.0-957.1.3.el7.x86_64
2023/01/06 02:14:57 [notice] 1#1: getrlimit(RLIMIT_NOFILE): 1048576:1048576
2023/01/06 02:14:57 [notice] 1#1: start worker processes
2023/01/06 02:14:57 [notice] 1#1: start worker process 19
2023/01/06 02:15:44 [notice] 1#1: signal 3 (SIGQUIT) received, shutting down
2023/01/06 02:15:44 [notice] 19#19: gracefully shutting down
2023/01/06 02:15:44 [notice] 19#19: exiting
2023/01/06 02:15:44 [notice] 19#19: exit
2023/01/06 02:15:44 [notice] 1#1: signal 17 (SIGCHLD) received from 19
2023/01/06 02:15:44 [notice] 1#1: worker process 19 exited with code 0
2023/01/06 02:15:44 [notice] 1#1: exit
2023/01/06 02:16:26 [notice] 1#1: using the "epoll" event method
2023/01/06 02:16:26 [notice] 1#1: nginx/1.23.3
2023/01/06 02:16:26 [notice] 1#1: built by gcc 10.2.1 20210110 (Debian 10.2.1-6) 
2023/01/06 02:16:26 [notice] 1#1: OS: Linux 3.10.0-957.1.3.el7.x86_64
2023/01/06 02:16:26 [notice] 1#1: getrlimit(RLIMIT_NOFILE): 1048576:1048576
2023/01/06 02:16:26 [notice] 1#1: start worker processes
2023/01/06 02:16:26 [notice] 1#1: start worker process 19
2023/01/06 02:17:50 [notice] 1#1: signal 3 (SIGQUIT) received, shutting down
2023/01/06 02:17:50 [notice] 19#19: gracefully shutting down
2023/01/06 02:17:50 [notice] 19#19: exiting
2023/01/06 02:17:50 [notice] 19#19: exit
2023/01/06 02:17:50 [notice] 1#1: signal 17 (SIGCHLD) received from 19
2023/01/06 02:17:50 [notice] 1#1: worker process 19 exited with code 0
2023/01/06 02:17:50 [notice] 1#1: exit
2023/01/06 02:18:07 [notice] 1#1: using the "epoll" event method
2023/01/06 02:18:07 [notice] 1#1: nginx/1.23.3
2023/01/06 02:18:07 [notice] 1#1: built by gcc 10.2.1 20210110 (Debian 10.2.1-6) 
2023/01/06 02:18:07 [notice] 1#1: OS: Linux 3.10.0-957.1.3.el7.x86_64
2023/01/06 02:18:07 [notice] 1#1: getrlimit(RLIMIT_NOFILE): 1048576:1048576
2023/01/06 02:18:07 [notice] 1#1: start worker processes
2023/01/06 02:18:07 [notice] 1#1: start worker process 19
2023/01/06 02:18:42 [notice] 1#1: signal 3 (SIGQUIT) received, shutting down
2023/01/06 02:18:42 [notice] 19#19: gracefully shutting down
2023/01/06 02:20:21 [notice] 1#1: using the "epoll" event method
2023/01/06 02:20:21 [notice] 1#1: nginx/1.23.3
2023/01/06 02:20:21 [notice] 1#1: built by gcc 10.2.1 20210110 (Debian 10.2.1-6) 
2023/01/06 02:20:21 [notice] 1#1: OS: Linux 3.10.0-957.1.3.el7.x86_64
2023/01/06 02:20:21 [notice] 1#1: getrlimit(RLIMIT_NOFILE): 1048576:1048576
2023/01/06 02:20:21 [notice] 1#1: start worker processes
2023/01/06 02:20:21 [notice] 1#1: start worker process 19
2023/01/06 02:20:37 [notice] 1#1: signal 3 (SIGQUIT) received, shutting down
2023/01/06 02:20:37 [notice] 19#19: gracefully shutting down
2023/01/06 02:22:12 [notice] 1#1: using the "epoll" event method
2023/01/06 02:22:12 [notice] 1#1: nginx/1.23.3
2023/01/06 02:22:12 [notice] 1#1: built by gcc 10.2.1 20210110 (Debian 10.2.1-6) 
2023/01/06 02:22:12 [notice] 1#1: OS: Linux 3.10.0-957.1.3.el7.x86_64
2023/01/06 02:22:12 [notice] 1#1: getrlimit(RLIMIT_NOFILE): 1048576:1048576
2023/01/06 02:22:12 [notice] 1#1: start worker processes
2023/01/06 02:22:12 [notice] 1#1: start worker process 19
2023/01/06 02:34:36 [notice] 1#1: signal 3 (SIGQUIT) received, shutting down
2023/01/06 02:34:36 [notice] 19#19: gracefully shutting down
2023/01/06 02:34:36 [notice] 19#19: exiting
2023/01/06 02:34:36 [notice] 19#19: exit
2023/01/06 02:34:36 [notice] 1#1: signal 17 (SIGCHLD) received from 19
2023/01/06 02:34:36 [notice] 1#1: worker process 19 exited with code 0
2023/01/06 02:34:36 [notice] 1#1: exit
